============================= test session starts =============================
platform win32 -- Python 3.13.14, pytest-9.0.3, pluggy-1.6.0 -- C:\Users\dhrut\AppData\Local\Microsoft\WindowsApps\PythonSoftwareFoundation.Python.3.13_qbz5n2kfra8p0\python.exe
cachedir: .pytest_cache
rootdir: D:\project\email-threat-detection\backend\backend
plugins: anyio-4.11.0, Faker-37.12.0, asyncio-1.4.0, requests-mock-1.12.1
asyncio: mode=Mode.STRICT, debug=False, asyncio_default_fixture_loop_scope=None, asyncio_default_test_loop_scope=function
collecting ... collected 0 items

============================ no tests ran in 0.02s ============================
